<?xml version="1.0" encoding="UTF-8"?>
<testsuite xmlns:xsi="http://www.w3.org/2001/XMLSchema-instance" xsi:noNamespaceSchemaLocation="https://maven.apache.org/surefire/maven-surefire-plugin/xsd/surefire-test-report.xsd" version="3.0.2" name="src.test.java.com.romanNumeral.RomanNumeralTests" time="0.077" tests="7" errors="0" skipped="0" failures="0">
  <properties>
    <property name="java.specification.version" value="24"/>
    <property name="sun.jnu.encoding" value="UTF-8"/>
    <property name="java.class.path" value="/home/lucasbrentano/Documents/PUCRS/2025_2/Verificacao_Validacao/aula5/target/test-classes:/home/lucasbrentano/Documents/PUCRS/2025_2/Verificacao_Validacao/aula5/target/classes:/home/lucasbrentano/.m2/repository/org/junit/jupiter/junit-jupiter/5.13.4/junit-jupiter-5.13.4.jar:/home/lucasbrentano/.m2/repository/org/junit/jupiter/junit-jupiter-api/5.13.4/junit-jupiter-api-5.13.4.jar:/home/lucasbrentano/.m2/repository/org/opentest4j/opentest4j/1.3.0/opentest4j-1.3.0.jar:/home/lucasbrentano/.m2/repository/org/junit/platform/junit-platform-commons/1.13.4/junit-platform-commons-1.13.4.jar:/home/lucasbrentano/.m2/repository/org/apiguardian/apiguardian-api/1.1.2/apiguardian-api-1.1.2.jar:/home/lucasbrentano/.m2/repository/org/junit/jupiter/junit-jupiter-params/5.13.4/junit-jupiter-params-5.13.4.jar:/home/lucasbrentano/.m2/repository/org/junit/jupiter/junit-jupiter-engine/5.13.4/junit-jupiter-engine-5.13.4.jar:/home/lucasbrentano/.m2/repository/org/junit/platform/junit-platform-engine/1.13.4/junit-platform-engine-1.13.4.jar:"/>
    <property name="java.vm.vendor" value="Oracle Corporation"/>
    <property name="sun.arch.data.model" value="64"/>
    <property name="java.vendor.url" value="https://java.oracle.com/"/>
    <property name="user.country.format" value="BR"/>
    <property name="os.name" value="Linux"/>
    <property name="java.vm.specification.version" value="24"/>
    <property name="sun.java.launcher" value="SUN_STANDARD"/>
    <property name="user.country" value="US"/>
    <property name="sun.boot.library.path" value="/home/lucasbrentano/.sdkman/candidates/java/24.ea.36-open/lib"/>
    <property name="sun.java.command" value="/home/lucasbrentano/Documents/PUCRS/2025_2/Verificacao_Validacao/aula5/target/surefire/surefirebooter-20250812212427243_3.jar /home/lucasbrentano/Documents/PUCRS/2025_2/Verificacao_Validacao/aula5/target/surefire 2025-08-12T21-24-27_148-jvmRun1 surefire-20250812212427243_1tmp surefire_0-20250812212427243_2tmp"/>
    <property name="jdk.debug" value="release"/>
    <property name="test" value="RomanNumeralTests"/>
    <property name="surefire.test.class.path" value="/home/lucasbrentano/Documents/PUCRS/2025_2/Verificacao_Validacao/aula5/target/test-classes:/home/lucasbrentano/Documents/PUCRS/2025_2/Verificacao_Validacao/aula5/target/classes:/home/lucasbrentano/.m2/repository/org/junit/jupiter/junit-jupiter/5.13.4/junit-jupiter-5.13.4.jar:/home/lucasbrentano/.m2/repository/org/junit/jupiter/junit-jupiter-api/5.13.4/junit-jupiter-api-5.13.4.jar:/home/lucasbrentano/.m2/repository/org/opentest4j/opentest4j/1.3.0/opentest4j-1.3.0.jar:/home/lucasbrentano/.m2/repository/org/junit/platform/junit-platform-commons/1.13.4/junit-platform-commons-1.13.4.jar:/home/lucasbrentano/.m2/repository/org/apiguardian/apiguardian-api/1.1.2/apiguardian-api-1.1.2.jar:/home/lucasbrentano/.m2/repository/org/junit/jupiter/junit-jupiter-params/5.13.4/junit-jupiter-params-5.13.4.jar:/home/lucasbrentano/.m2/repository/org/junit/jupiter/junit-jupiter-engine/5.13.4/junit-jupiter-engine-5.13.4.jar:/home/lucasbrentano/.m2/repository/org/junit/platform/junit-platform-engine/1.13.4/junit-platform-engine-1.13.4.jar:"/>
    <property name="sun.cpu.endian" value="little"/>
    <property name="user.home" value="/home/lucasbrentano"/>
    <property name="user.language" value="en"/>
    <property name="java.specification.vendor" value="Oracle Corporation"/>
    <property name="java.version.date" value="2025-03-18"/>
    <property name="java.home" value="/home/lucasbrentano/.sdkman/candidates/java/24.ea.36-open"/>
    <property name="file.separator" value="/"/>
    <property name="basedir" value="/home/lucasbrentano/Documents/PUCRS/2025_2/Verificacao_Validacao/aula5"/>
    <property name="java.vm.compressedOopsMode" value="Zero based"/>
    <property name="line.separator" value="&#10;"/>
    <property name="java.vm.specification.vendor" value="Oracle Corporation"/>
    <property name="java.specification.name" value="Java Platform API Specification"/>
    <property name="surefire.real.class.path" value="/home/lucasbrentano/Documents/PUCRS/2025_2/Verificacao_Validacao/aula5/target/surefire/surefirebooter-20250812212427243_3.jar"/>
    <property name="sun.management.compiler" value="HotSpot 64-Bit Tiered Compilers"/>
    <property name="java.runtime.version" value="24+36-3646"/>
    <property name="user.name" value="lucasbrentano"/>
    <property name="stdout.encoding" value="UTF-8"/>
    <property name="path.separator" value=":"/>
    <property name="os.version" value="6.8.0-71-generic"/>
    <property name="java.runtime.name" value="OpenJDK Runtime Environment"/>
    <property name="file.encoding" value="UTF-8"/>
    <property name="java.vm.name" value="OpenJDK 64-Bit Server VM"/>
    <property name="localRepository" value="/home/lucasbrentano/.m2/repository"/>
    <property name="java.vendor.url.bug" value="https://bugreport.java.com/bugreport/"/>
    <property name="java.io.tmpdir" value="/tmp"/>
    <property name="java.version" value="24"/>
    <property name="user.dir" value="/home/lucasbrentano/Documents/PUCRS/2025_2/Verificacao_Validacao/aula5"/>
    <property name="os.arch" value="amd64"/>
    <property name="java.vm.specification.name" value="Java Virtual Machine Specification"/>
    <property name="user.language.format" value="pt"/>
    <property name="native.encoding" value="UTF-8"/>
    <property name="java.library.path" value="/usr/java/packages/lib:/usr/lib64:/lib64:/lib:/usr/lib"/>
    <property name="java.vm.info" value="mixed mode, sharing"/>
    <property name="stderr.encoding" value="UTF-8"/>
    <property name="java.vendor" value="Oracle Corporation"/>
    <property name="java.vm.version" value="24+36-3646"/>
    <property name="sun.io.unicode.encoding" value="UnicodeLittle"/>
    <property name="java.class.version" value="68.0"/>
  </properties>
  <testcase name="testSimpleAddition" classname="src.test.java.com.romanNumeral.RomanNumeralTests" time="0.038"/>
  <testcase name="testRepeatedNumerals" classname="src.test.java.com.romanNumeral.RomanNumeralTests" time="0.001"/>
  <testcase name="testHistoricalYears" classname="src.test.java.com.romanNumeral.RomanNumeralTests" time="0.001"/>
  <testcase name="testBasicRomanNumerals" classname="src.test.java.com.romanNumeral.RomanNumeralTests" time="0.001"/>
  <testcase name="testComplexNumbers" classname="src.test.java.com.romanNumeral.RomanNumeralTests" time="0.001"/>
  <testcase name="testLargeNumbers" classname="src.test.java.com.romanNumeral.RomanNumeralTests" time="0.002"/>
  <testcase name="testSubtraction" classname="src.test.java.com.romanNumeral.RomanNumeralTests" time="0.001"/>
</testsuite>